#-----------------------------------------------------------
# Vivado v2019.1 (64-bit)
# SW Build 2552052 on Fri May 24 14:49:42 MDT 2019
# IP Build 2548770 on Fri May 24 18:01:18 MDT 2019
# Start of session at: Wed Nov 23 19:51:09 2022
# Process ID: 43612
# Current directory: C:/Users/rahul/OneDrive/Desktop/ACA VERILOG ASSN
# Command line: vivado.exe -gui_launcher_event rodinguilauncherevent53420 C:\Users\rahul\OneDrive\Desktop\ACA VERILOG ASSN\RAH_ACA_VAERILOG.xpr
# Log file: C:/Users/rahul/OneDrive/Desktop/ACA VERILOG ASSN/vivado.log
# Journal file: C:/Users/rahul/OneDrive/Desktop/ACA VERILOG ASSN\vivado.jou
#-----------------------------------------------------------
start_gui
open_project {C:/Users/rahul/OneDrive/Desktop/ACA VERILOG ASSN/RAH_ACA_VAERILOG.xpr}
INFO: [Project 1-313] Project file moved from 'C:/Users/MSIS/Desktop/RAH_ACA_VAERILOG' since last save.
CRITICAL WARNING: [Project 1-311] Could not find the file 'C:/Users/rahul/OneDrive/Desktop/ACA VERILOG ASSN/RAH_ACA_VAERILOG.srcs/sources_1/new/BIT1_FA.v', nor could it be found using path 'C:/Users/MSIS/Desktop/RAH_ACA_VAERILOG/RAH_ACA_VAERILOG.srcs/sources_1/new/BIT1_FA.v'.
CRITICAL WARNING: [Project 1-311] Could not find the file 'C:/Users/rahul/OneDrive/Desktop/ACA VERILOG ASSN/RAH_ACA_VAERILOG.srcs/sources_1/new/BIT4_FA.v', nor could it be found using path 'C:/Users/MSIS/Desktop/RAH_ACA_VAERILOG/RAH_ACA_VAERILOG.srcs/sources_1/new/BIT4_FA.v'.
CRITICAL WARNING: [Project 1-311] Could not find the file 'C:/Users/rahul/OneDrive/Desktop/ACA VERILOG ASSN/RAH_ACA_VAERILOG.srcs/sources_1/new/tb_BIT4_FA.v', nor could it be found using path 'C:/Users/MSIS/Desktop/RAH_ACA_VAERILOG/RAH_ACA_VAERILOG.srcs/sources_1/new/tb_BIT4_FA.v'.
CRITICAL WARNING: [Project 1-311] Could not find the file 'C:/Users/rahul/OneDrive/Desktop/ACA VERILOG ASSN/RAH_ACA_VAERILOG.srcs/sources_1/new/tb_BIT1FA.v', nor could it be found using path 'C:/Users/MSIS/Desktop/RAH_ACA_VAERILOG/RAH_ACA_VAERILOG.srcs/sources_1/new/tb_BIT1FA.v'.
Scanning sources...
Finished scanning sources
WARNING: [filemgmt 56-2] IPUserFilesDir: Could not find the directory 'C:/Users/rahul/OneDrive/Desktop/ACA VERILOG ASSN/RAH_ACA_VAERILOG.ip_user_files', nor could it be found using path 'C:/Users/MSIS/Desktop/RAH_ACA_VAERILOG/RAH_ACA_VAERILOG.ip_user_files'.
INFO: [IP_Flow 19-234] Refreshing IP repositories
INFO: [IP_Flow 19-1704] No user IP repositories specified
INFO: [IP_Flow 19-2313] Loaded Vivado IP repository 'C:/Xilinx/Vivado/2019.1/data/ip'.
open_project: Time (s): cpu = 00:00:17 ; elapsed = 00:00:09 . Memory (MB): peak = 691.844 ; gain = 58.262
update_compile_order -fileset sources_1
exit
INFO: [Common 17-206] Exiting Vivado at Wed Nov 23 19:52:39 2022...
